D:\WORKS\SGHERO\SGHERO\PROJ.WIN32\DEBUG.WIN32\VC110.PDB
D:\WORKS\SGHERO\SGHERO\PROJ.WIN32\DEBUG.WIN32\SGHERO.ILK
D:\WORKS\SGHERO\SGHERO\PROJ.WIN32\DEBUG.WIN32\SGHERO.EXE
D:\WORKS\SGHERO\SGHERO\PROJ.WIN32\DEBUG.WIN32\SGHERO.PDB
D:\WORKS\SGHERO\SGHERO\PROJ.WIN32\DEBUG.WIN32\GAME.RES
D:\works\sghero\sghero\proj.win32\Debug.win32\sghero.vcxprojResolveAssemblyReference.cache
D:\works\sghero\sghero\proj.win32\Debug.win32\AppDelegate.obj
D:\works\sghero\sghero\proj.win32\Debug.win32\HelloWorldScene.obj
D:\works\sghero\sghero\proj.win32\Debug.win32\main.obj
D:\works\sghero\sghero\proj.win32\Debug.win32\sghero.ilk
D:\works\sghero\sghero\proj.win32\Debug.win32\CL.23908.read.1.tlog
D:\works\sghero\sghero\proj.win32\Debug.win32\CL.23908.write.1.tlog
D:\works\sghero\sghero\proj.win32\Debug.win32\CL.27276.read.1.tlog
D:\works\sghero\sghero\proj.win32\Debug.win32\CL.27276.write.1.tlog
D:\works\sghero\sghero\proj.win32\Debug.win32\cl.command.1.tlog
D:\works\sghero\sghero\proj.win32\Debug.win32\CL.read.1.tlog
D:\works\sghero\sghero\proj.win32\Debug.win32\cl.write.1.tlog
D:\works\sghero\sghero\proj.win32\Debug.win32\link-cvtres.read.1.tlog
D:\works\sghero\sghero\proj.win32\Debug.win32\link-cvtres.write.1.tlog
D:\works\sghero\sghero\proj.win32\Debug.win32\link-rc.read.1.tlog
D:\works\sghero\sghero\proj.win32\Debug.win32\link-rc.write.1.tlog
D:\works\sghero\sghero\proj.win32\Debug.win32\link.command.1.tlog
D:\works\sghero\sghero\proj.win32\Debug.win32\link.read.1.tlog
D:\works\sghero\sghero\proj.win32\Debug.win32\link.write.1.tlog
D:\works\sghero\sghero\proj.win32\Debug.win32\rc.command.1.tlog
D:\works\sghero\sghero\proj.win32\Debug.win32\rc.read.1.tlog
D:\works\sghero\sghero\proj.win32\Debug.win32\rc.write.1.tlog
D:\works\sghero\sghero\proj.win32\Debug.win32\game.res
D:\works\sghero\sghero\proj.win32\Debug.win32\vc110.idb
D:\works\sghero\sghero\proj.win32\Debug.win32\sghero.pdb
D:\works\sghero\sghero\proj.win32\Debug.win32\vc110.pdb
D:\works\sghero\sghero\proj.win32\Debug.win32\sghero.exe
